<!DOCTYPE html>

<html>
  <head>
  <meta charset='utf-8'>
  <title>TestNG reports</title>

    <link type="text/css" href="testng-reports1.css" rel="stylesheet" id="ultra" />
    <link type="text/css" href="testng-reports.css" rel="stylesheet" id="retro" disabled="false"/>
    <script type="text/javascript" src="jquery-3.4.1.min.js"></script>
    <script type="text/javascript" src="testng-reports.js"></script>
    <script type="text/javascript" src="https://www.google.com/jsapi"></script>
    <script type='text/javascript'>
      google.load('visualization', '1', {packages:['table']});
      google.setOnLoadCallback(drawTable);
      var suiteTableInitFunctions = new Array();
      var suiteTableData = new Array();
    </script>
    <!--
      <script type="text/javascript" src="jquery-ui/js/jquery-ui-1.8.16.custom.min.js"></script>
     -->
  </head>

  <body>
    <div class="top-banner-root">
      <span class="top-banner-title-font">Test results</span>
      <button class="button" id="button">Switch Retro Theme</button> <!-- button -->
      <br/>
      <span class="top-banner-font-1">1 suite, 2 failed tests</span>
    </div> <!-- top-banner-root -->
    <div class="navigator-root">
      <div class="navigator-suite-header">
        <span>All suites</span>
        <a href="#" class="collapse-all-link" title="Collapse/expand all the suites">
          <img class="collapse-all-icon" src="collapseall.gif">
          </img> <!-- collapse-all-icon -->
        </a> <!-- collapse-all-link -->
      </div> <!-- navigator-suite-header -->
      <div class="suite">
        <div class="rounded-window">
          <div class="suite-header light-rounded-window-top">
            <a href="#" class="navigator-link" panel-name="suite-OpenCart_Automation_Test_Suite">
              <span class="suite-name border-failed">OpenCart Automation Test Suite</span>
            </a> <!-- navigator-link -->
          </div> <!-- suite-header light-rounded-window-top -->
          <div class="navigator-suite-content">
            <div class="suite-section-title">
              <span>Info</span>
            </div> <!-- suite-section-title -->
            <div class="suite-section-content">
              <ul>
                <li>
                  <a href="#" class="navigator-link " panel-name="test-xml-OpenCart_Automation_Test_Suite">
                    <span>C:\Users\anan54\eclipse-workspace\Demo.OpenCart\src\test\resources\testrunners\testng_regression.xml</span>
                  </a> <!-- navigator-link  -->
                </li>
                <li>
                  <a href="#" class="navigator-link " panel-name="testlist-OpenCart_Automation_Test_Suite">
                    <span class="test-stats">4 tests</span>
                  </a> <!-- navigator-link  -->
                </li>
                <li>
                  <a href="#" class="navigator-link " panel-name="group-OpenCart_Automation_Test_Suite">
                    <span>0 groups</span>
                  </a> <!-- navigator-link  -->
                </li>
                <li>
                  <a href="#" class="navigator-link " panel-name="times-OpenCart_Automation_Test_Suite">
                    <span>Times</span>
                  </a> <!-- navigator-link  -->
                </li>
                <li>
                  <a href="#" class="navigator-link " panel-name="reporter-OpenCart_Automation_Test_Suite">
                    <span>Reporter output</span>
                  </a> <!-- navigator-link  -->
                </li>
                <li>
                  <a href="#" class="navigator-link " panel-name="ignored-methods-OpenCart_Automation_Test_Suite">
                    <span>Ignored methods</span>
                  </a> <!-- navigator-link  -->
                </li>
                <li>
                  <a href="#" class="navigator-link " panel-name="chronological-OpenCart_Automation_Test_Suite">
                    <span>Chronological view</span>
                  </a> <!-- navigator-link  -->
                </li>
              </ul>
            </div> <!-- suite-section-content -->
            <div class="result-section">
              <div class="suite-section-title">
                <span>Results</span>
              </div> <!-- suite-section-title -->
              <div class="suite-section-content">
                <ul>
                  <li>
                    <span class="method-stats">14 methods, 2 failed,   12 passed</span>
                  </li>
                  <li>
                    <span class="method-list-title failed">Failed methods</span>
                    <span class="show-or-hide-methods failed">
                      <a href="#" panel-name="suite-OpenCart_Automation_Test_Suite" class="hide-methods failed suite-OpenCart_Automation_Test_Suite"> (hide)</a> <!-- hide-methods failed suite-OpenCart_Automation_Test_Suite -->
                      <a href="#" panel-name="suite-OpenCart_Automation_Test_Suite" class="show-methods failed suite-OpenCart_Automation_Test_Suite"> (show)</a> <!-- show-methods failed suite-OpenCart_Automation_Test_Suite -->
                    </span>
                    <div class="method-list-content failed suite-OpenCart_Automation_Test_Suite">
                      <span>
                        <img width="3%" src="failed.png"/>
                        <a href="#" class="method navigator-link" panel-name="suite-OpenCart_Automation_Test_Suite" title="com.qa.OpenCart.Tests.ProductInfoTest" hash-for-method="productImagesTest">productImagesTest</a> <!-- method navigator-link -->
                      </span>
                      <br/>
                      <span>
                        <img width="3%" src="failed.png"/>
                        <a href="#" class="method navigator-link" panel-name="suite-OpenCart_Automation_Test_Suite" title="com.qa.OpenCart.Tests.ProductInfoTest" hash-for-method="verifyproductInfoTest_MacBook">verifyproductInfoTest_MacBook</a> <!-- method navigator-link -->
                      </span>
                      <br/>
                    </div> <!-- method-list-content failed suite-OpenCart_Automation_Test_Suite -->
                  </li>
                  <li>
                    <span class="method-list-title passed">Passed methods</span>
                    <span class="show-or-hide-methods passed">
                      <a href="#" panel-name="suite-OpenCart_Automation_Test_Suite" class="hide-methods passed suite-OpenCart_Automation_Test_Suite"> (hide)</a> <!-- hide-methods passed suite-OpenCart_Automation_Test_Suite -->
                      <a href="#" panel-name="suite-OpenCart_Automation_Test_Suite" class="show-methods passed suite-OpenCart_Automation_Test_Suite"> (show)</a> <!-- show-methods passed suite-OpenCart_Automation_Test_Suite -->
                    </span>
                    <div class="method-list-content passed suite-OpenCart_Automation_Test_Suite">
                      <span>
                        <img width="3%" src="passed.png"/>
                        <a href="#" class="method navigator-link" panel-name="suite-OpenCart_Automation_Test_Suite" title="com.qa.OpenCart.Tests.HomePageTest" hash-for-method="homePageTitleTest">homePageTitleTest</a> <!-- method navigator-link -->
                      </span>
                      <br/>
                      <span>
                        <img width="3%" src="passed.png"/>
                        <a href="#" class="method navigator-link" panel-name="suite-OpenCart_Automation_Test_Suite" title="com.qa.OpenCart.Tests.LoginPageTest" hash-for-method="loginTest">loginTest</a> <!-- method navigator-link -->
                      </span>
                      <br/>
                      <span>
                        <img width="3%" src="passed.png"/>
                        <a href="#" class="method navigator-link" panel-name="suite-OpenCart_Automation_Test_Suite" title="com.qa.OpenCart.Tests.RegistrationPageTest" hash-for-method="userRegistrationTest(ak, jp, galindo@gmail.com, 8.790654323E9, test@12345, yes)">userRegistrationTest(ak, jp, galindo@gmail.com, 8.790654323E9, test@12345, yes)</a> <!-- method navigator-link -->
                      </span>
                      <br/>
                      <span>
                        <img width="3%" src="passed.png"/>
                        <a href="#" class="method navigator-link" panel-name="suite-OpenCart_Automation_Test_Suite" title="com.qa.OpenCart.Tests.RegistrationPageTest" hash-for-method="userRegistrationTest(aj, jk, gala@gmail.com, 8.790654326E9, test@12345, yes)">userRegistrationTest(aj, jk, gala@gmail.com, 8.790654326E9, test@12345, yes)</a> <!-- method navigator-link -->
                      </span>
                      <br/>
                      <span>
                        <img width="3%" src="passed.png"/>
                        <a href="#" class="method navigator-link" panel-name="suite-OpenCart_Automation_Test_Suite" title="com.qa.OpenCart.Tests.RegistrationPageTest" hash-for-method="userRegistrationTest(dev, d, devd@gmail.com, 9.807654321E9, sel@234567, yes)">userRegistrationTest(dev, d, devd@gmail.com, 9.807654321E9, sel@234567, yes)</a> <!-- method navigator-link -->
                      </span>
                      <br/>
                      <span>
                        <img width="3%" src="passed.png"/>
                        <a href="#" class="method navigator-link" panel-name="suite-OpenCart_Automation_Test_Suite" title="com.qa.OpenCart.Tests.RegistrationPageTest" hash-for-method="userRegistrationTest(navi, sh, navi@gmail.com, 9.807654322E9, auto@12345, no)">userRegistrationTest(navi, sh, navi@gmail.com, 9.807654322E9, auto@12345, no)</a> <!-- method navigator-link -->
                      </span>
                      <br/>
                      <span>
                        <img width="3%" src="passed.png"/>
                        <a href="#" class="method navigator-link" panel-name="suite-OpenCart_Automation_Test_Suite" title="com.qa.OpenCart.Tests.HomePageTest" hash-for-method="verifyHomePageHeaderTest">verifyHomePageHeaderTest</a> <!-- method navigator-link -->
                      </span>
                      <br/>
                      <span>
                        <img width="3%" src="passed.png"/>
                        <a href="#" class="method navigator-link" panel-name="suite-OpenCart_Automation_Test_Suite" title="com.qa.OpenCart.Tests.LoginPageTest" hash-for-method="verifyLoginPageTitleTest">verifyLoginPageTitleTest</a> <!-- method navigator-link -->
                      </span>
                      <br/>
                      <span>
                        <img width="3%" src="passed.png"/>
                        <a href="#" class="method navigator-link" panel-name="suite-OpenCart_Automation_Test_Suite" title="com.qa.OpenCart.Tests.HomePageTest" hash-for-method="verifyMyAccountIconTest">verifyMyAccountIconTest</a> <!-- method navigator-link -->
                      </span>
                      <br/>
                      <span>
                        <img width="3%" src="passed.png"/>
                        <a href="#" class="method navigator-link" panel-name="suite-OpenCart_Automation_Test_Suite" title="com.qa.OpenCart.Tests.HomePageTest" hash-for-method="verifyMyAccountSectionsCountTest">verifyMyAccountSectionsCountTest</a> <!-- method navigator-link -->
                      </span>
                      <br/>
                      <span>
                        <img width="3%" src="passed.png"/>
                        <a href="#" class="method navigator-link" panel-name="suite-OpenCart_Automation_Test_Suite" title="com.qa.OpenCart.Tests.HomePageTest" hash-for-method="verifyMyAccountSectionsistTest">verifyMyAccountSectionsistTest</a> <!-- method navigator-link -->
                      </span>
                      <br/>
                      <span>
                        <img width="3%" src="passed.png"/>
                        <a href="#" class="method navigator-link" panel-name="suite-OpenCart_Automation_Test_Suite" title="com.qa.OpenCart.Tests.HomePageTest" hash-for-method="verifyShoppingCartTest">verifyShoppingCartTest</a> <!-- method navigator-link -->
                      </span>
                      <br/>
                    </div> <!-- method-list-content passed suite-OpenCart_Automation_Test_Suite -->
                  </li>
                </ul>
              </div> <!-- suite-section-content -->
            </div> <!-- result-section -->
          </div> <!-- navigator-suite-content -->
        </div> <!-- rounded-window -->
      </div> <!-- suite -->
    </div> <!-- navigator-root -->
    <div class="wrapper">
      <div class="main-panel-root">
        <div panel-name="suite-OpenCart_Automation_Test_Suite" class="panel OpenCart_Automation_Test_Suite">
          <div class="suite-OpenCart_Automation_Test_Suite-class-failed">
            <div class="main-panel-header rounded-window-top">
              <img src="failed.png"/>
              <span class="class-name">com.qa.OpenCart.Tests.ProductInfoTest</span>
            </div> <!-- main-panel-header rounded-window-top -->
            <div class="main-panel-content rounded-window-bottom">
              <div class="method">
                <div class="method-content">
                  <a name="productImagesTest">
                  </a> <!-- productImagesTest -->
                  <span class="method-name">productImagesTest</span>
                  <div class="stack-trace">java.lang.AssertionError: expected [3] but found [0]
	at com.qa.OpenCart.Tests.ProductInfoTest.productImagesTest(ProductInfoTest.java:23)
	at java.util.ArrayList.forEach(Unknown Source)
	at java.util.concurrent.FutureTask.run(Unknown Source)
	at java.util.concurrent.ThreadPoolExecutor.runWorker(Unknown Source)
	at java.util.concurrent.ThreadPoolExecutor$Worker.run(Unknown Source)
	at java.lang.Thread.run(Unknown Source)
... Removed 24 stack frames
</div> <!-- stack-trace -->
                </div> <!-- method-content -->
              </div> <!-- method -->
              <div class="method">
                <div class="method-content">
                  <a name="verifyproductInfoTest_MacBook">
                  </a> <!-- verifyproductInfoTest_MacBook -->
                  <span class="method-name">verifyproductInfoTest_MacBook</span>
                  <div class="stack-trace">java.lang.IndexOutOfBoundsException: Index: 0, Size: 0
	at java.util.ArrayList.rangeCheck(Unknown Source)
	at java.util.ArrayList.get(Unknown Source)
	at com.qa.OpenCart.Pages.ProductInfoPage.getProductInfo(ProductInfoPage.java:63)
	at com.qa.OpenCart.Tests.ProductInfoTest.verifyproductInfoTest_MacBook(ProductInfoTest.java:31)
	at java.util.ArrayList.forEach(Unknown Source)
	at java.util.concurrent.FutureTask.run(Unknown Source)
	at java.util.concurrent.ThreadPoolExecutor.runWorker(Unknown Source)
	at java.util.concurrent.ThreadPoolExecutor$Worker.run(Unknown Source)
	at java.lang.Thread.run(Unknown Source)
... Removed 18 stack frames
</div> <!-- stack-trace -->
                </div> <!-- method-content -->
              </div> <!-- method -->
            </div> <!-- main-panel-content rounded-window-bottom -->
          </div> <!-- suite-OpenCart_Automation_Test_Suite-class-failed -->
          <div class="suite-OpenCart_Automation_Test_Suite-class-passed">
            <div class="main-panel-header rounded-window-top">
              <img src="passed.png"/>
              <span class="class-name">com.qa.OpenCart.Tests.HomePageTest</span>
            </div> <!-- main-panel-header rounded-window-top -->
            <div class="main-panel-content rounded-window-bottom">
              <div class="method">
                <div class="method-content">
                  <a name="homePageTitleTest">
                  </a> <!-- homePageTitleTest -->
                  <span class="method-name">homePageTitleTest</span>
                </div> <!-- method-content -->
              </div> <!-- method -->
              <div class="method">
                <div class="method-content">
                  <a name="verifyHomePageHeaderTest">
                  </a> <!-- verifyHomePageHeaderTest -->
                  <span class="method-name">verifyHomePageHeaderTest</span>
                </div> <!-- method-content -->
              </div> <!-- method -->
              <div class="method">
                <div class="method-content">
                  <a name="verifyMyAccountIconTest">
                  </a> <!-- verifyMyAccountIconTest -->
                  <span class="method-name">verifyMyAccountIconTest</span>
                </div> <!-- method-content -->
              </div> <!-- method -->
              <div class="method">
                <div class="method-content">
                  <a name="verifyMyAccountSectionsCountTest">
                  </a> <!-- verifyMyAccountSectionsCountTest -->
                  <span class="method-name">verifyMyAccountSectionsCountTest</span>
                </div> <!-- method-content -->
              </div> <!-- method -->
              <div class="method">
                <div class="method-content">
                  <a name="verifyMyAccountSectionsistTest">
                  </a> <!-- verifyMyAccountSectionsistTest -->
                  <span class="method-name">verifyMyAccountSectionsistTest</span>
                </div> <!-- method-content -->
              </div> <!-- method -->
              <div class="method">
                <div class="method-content">
                  <a name="verifyShoppingCartTest">
                  </a> <!-- verifyShoppingCartTest -->
                  <span class="method-name">verifyShoppingCartTest</span>
                </div> <!-- method-content -->
              </div> <!-- method -->
            </div> <!-- main-panel-content rounded-window-bottom -->
          </div> <!-- suite-OpenCart_Automation_Test_Suite-class-passed -->
          <div class="suite-OpenCart_Automation_Test_Suite-class-passed">
            <div class="main-panel-header rounded-window-top">
              <img src="passed.png"/>
              <span class="class-name">com.qa.OpenCart.Tests.RegistrationPageTest</span>
            </div> <!-- main-panel-header rounded-window-top -->
            <div class="main-panel-content rounded-window-bottom">
              <div class="method">
                <div class="method-content">
                  <a name="userRegistrationTest(ak, jp, galindo@gmail.com, 8.790654323E9, test@12345, yes)">
                  </a> <!-- userRegistrationTest(ak, jp, galindo@gmail.com, 8.790654323E9, test@12345, yes) -->
                  <span class="method-name">userRegistrationTest</span>
                  <span class="parameters">(ak, jp, galindo@gmail.com, 8.790654323E9, test@12345, yes)</span>
                </div> <!-- method-content -->
              </div> <!-- method -->
              <div class="method">
                <div class="method-content">
                  <a name="userRegistrationTest(aj, jk, gala@gmail.com, 8.790654326E9, test@12345, yes)">
                  </a> <!-- userRegistrationTest(aj, jk, gala@gmail.com, 8.790654326E9, test@12345, yes) -->
                  <span class="method-name">userRegistrationTest</span>
                  <span class="parameters">(aj, jk, gala@gmail.com, 8.790654326E9, test@12345, yes)</span>
                </div> <!-- method-content -->
              </div> <!-- method -->
              <div class="method">
                <div class="method-content">
                  <a name="userRegistrationTest(dev, d, devd@gmail.com, 9.807654321E9, sel@234567, yes)">
                  </a> <!-- userRegistrationTest(dev, d, devd@gmail.com, 9.807654321E9, sel@234567, yes) -->
                  <span class="method-name">userRegistrationTest</span>
                  <span class="parameters">(dev, d, devd@gmail.com, 9.807654321E9, sel@234567, yes)</span>
                </div> <!-- method-content -->
              </div> <!-- method -->
              <div class="method">
                <div class="method-content">
                  <a name="userRegistrationTest(navi, sh, navi@gmail.com, 9.807654322E9, auto@12345, no)">
                  </a> <!-- userRegistrationTest(navi, sh, navi@gmail.com, 9.807654322E9, auto@12345, no) -->
                  <span class="method-name">userRegistrationTest</span>
                  <span class="parameters">(navi, sh, navi@gmail.com, 9.807654322E9, auto@12345, no)</span>
                </div> <!-- method-content -->
              </div> <!-- method -->
            </div> <!-- main-panel-content rounded-window-bottom -->
          </div> <!-- suite-OpenCart_Automation_Test_Suite-class-passed -->
          <div class="suite-OpenCart_Automation_Test_Suite-class-passed">
            <div class="main-panel-header rounded-window-top">
              <img src="passed.png"/>
              <span class="class-name">com.qa.OpenCart.Tests.LoginPageTest</span>
            </div> <!-- main-panel-header rounded-window-top -->
            <div class="main-panel-content rounded-window-bottom">
              <div class="method">
                <div class="method-content">
                  <a name="loginTest">
                  </a> <!-- loginTest -->
                  <span class="method-name">loginTest</span>
                </div> <!-- method-content -->
              </div> <!-- method -->
              <div class="method">
                <div class="method-content">
                  <a name="verifyLoginPageTitleTest">
                  </a> <!-- verifyLoginPageTitleTest -->
                  <span class="method-name">verifyLoginPageTitleTest</span>
                </div> <!-- method-content -->
              </div> <!-- method -->
            </div> <!-- main-panel-content rounded-window-bottom -->
          </div> <!-- suite-OpenCart_Automation_Test_Suite-class-passed -->
        </div> <!-- panel OpenCart_Automation_Test_Suite -->
        <div panel-name="test-xml-OpenCart_Automation_Test_Suite" class="panel">
          <div class="main-panel-header rounded-window-top">
            <span class="header-content">C:\Users\anan54\eclipse-workspace\Demo.OpenCart\src\test\resources\testrunners\testng_regression.xml</span>
          </div> <!-- main-panel-header rounded-window-top -->
          <div class="main-panel-content rounded-window-bottom">
            <pre>
&lt;?xml version=&quot;1.0&quot; encoding=&quot;UTF-8&quot;?&gt;
&lt;!DOCTYPE suite SYSTEM &quot;https://testng.org/testng-1.0.dtd&quot;&gt;
&lt;suite thread-count=&quot;2&quot; guice-stage=&quot;DEVELOPMENT&quot; name=&quot;OpenCart Automation Test Suite&quot; parallel=&quot;tests&quot;&gt;
  &lt;listeners&gt;
    &lt;listener class-name=&quot;com.qa.OpenCart.testlisteners.ExtentReportListener&quot;/&gt;
    &lt;listener class-name=&quot;com.qa.OpenCart.testlisteners.TesultsListener&quot;/&gt;
  &lt;/listeners&gt;
  &lt;test thread-count=&quot;2&quot; name=&quot;LoginPage Test&quot; parallel=&quot;tests&quot;&gt;
    &lt;classes&gt;
      &lt;class name=&quot;com.qa.OpenCart.Tests.LoginPageTest&quot;/&gt;
    &lt;/classes&gt;
  &lt;/test&gt; &lt;!-- LoginPage Test --&gt;
  &lt;test thread-count=&quot;2&quot; name=&quot;HomePage Test&quot; parallel=&quot;tests&quot;&gt;
    &lt;classes&gt;
      &lt;class name=&quot;com.qa.OpenCart.Tests.HomePageTest&quot;/&gt;
    &lt;/classes&gt;
  &lt;/test&gt; &lt;!-- HomePage Test --&gt;
  &lt;test thread-count=&quot;2&quot; name=&quot;ProductInfo Test&quot; parallel=&quot;tests&quot;&gt;
    &lt;classes&gt;
      &lt;class name=&quot;com.qa.OpenCart.Tests.ProductInfoTest&quot;/&gt;
    &lt;/classes&gt;
  &lt;/test&gt; &lt;!-- ProductInfo Test --&gt;
  &lt;test thread-count=&quot;2&quot; name=&quot;RegistrationPage Test&quot; parallel=&quot;tests&quot;&gt;
    &lt;classes&gt;
      &lt;class name=&quot;com.qa.OpenCart.Tests.RegistrationPageTest&quot;/&gt;
    &lt;/classes&gt;
  &lt;/test&gt; &lt;!-- RegistrationPage Test --&gt;
&lt;/suite&gt; &lt;!-- OpenCart Automation Test Suite --&gt;
            </pre>
          </div> <!-- main-panel-content rounded-window-bottom -->
        </div> <!-- panel -->
        <div panel-name="testlist-OpenCart_Automation_Test_Suite" class="panel">
          <div class="main-panel-header rounded-window-top">
            <span class="header-content">Tests for OpenCart Automation Test Suite</span>
          </div> <!-- main-panel-header rounded-window-top -->
          <div class="main-panel-content rounded-window-bottom">
            <ul>
              <li>
                <span class="test-name">LoginPage Test (1 class)</span>
              </li>
              <li>
                <span class="test-name">HomePage Test (1 class)</span>
              </li>
              <li>
                <span class="test-name">ProductInfo Test (1 class)</span>
              </li>
              <li>
                <span class="test-name">RegistrationPage Test (1 class)</span>
              </li>
            </ul>
          </div> <!-- main-panel-content rounded-window-bottom -->
        </div> <!-- panel -->
        <div panel-name="group-OpenCart_Automation_Test_Suite" class="panel">
          <div class="main-panel-header rounded-window-top">
            <span class="header-content">Groups for OpenCart Automation Test Suite</span>
          </div> <!-- main-panel-header rounded-window-top -->
          <div class="main-panel-content rounded-window-bottom">
          </div> <!-- main-panel-content rounded-window-bottom -->
        </div> <!-- panel -->
        <div panel-name="times-OpenCart_Automation_Test_Suite" class="panel">
          <div class="main-panel-header rounded-window-top">
            <span class="header-content">Times for OpenCart Automation Test Suite</span>
          </div> <!-- main-panel-header rounded-window-top -->
          <div class="main-panel-content rounded-window-bottom">
            <div class="times-div">
              <script type="text/javascript">
suiteTableInitFunctions.push('tableData_OpenCart_Automation_Test_Suite');
function tableData_OpenCart_Automation_Test_Suite() {
var data = new google.visualization.DataTable();
data.addColumn('number', 'Number');
data.addColumn('string', 'Method');
data.addColumn('string', 'Class');
data.addColumn('number', 'Time (ms)');
data.addRows(14);
data.setCell(0, 0, 0)
data.setCell(0, 1, 'loginTest')
data.setCell(0, 2, 'com.qa.OpenCart.Tests.LoginPageTest')
data.setCell(0, 3, 3689);
data.setCell(1, 0, 1)
data.setCell(1, 1, 'productImagesTest')
data.setCell(1, 2, 'com.qa.OpenCart.Tests.ProductInfoTest')
data.setCell(1, 3, 2839);
data.setCell(2, 0, 2)
data.setCell(2, 1, 'userRegistrationTest')
data.setCell(2, 2, 'com.qa.OpenCart.Tests.RegistrationPageTest')
data.setCell(2, 3, 2195);
data.setCell(3, 0, 3)
data.setCell(3, 1, 'verifyproductInfoTest_MacBook')
data.setCell(3, 2, 'com.qa.OpenCart.Tests.ProductInfoTest')
data.setCell(3, 3, 1717);
data.setCell(4, 0, 4)
data.setCell(4, 1, 'userRegistrationTest')
data.setCell(4, 2, 'com.qa.OpenCart.Tests.RegistrationPageTest')
data.setCell(4, 3, 752);
data.setCell(5, 0, 5)
data.setCell(5, 1, 'userRegistrationTest')
data.setCell(5, 2, 'com.qa.OpenCart.Tests.RegistrationPageTest')
data.setCell(5, 3, 723);
data.setCell(6, 0, 6)
data.setCell(6, 1, 'userRegistrationTest')
data.setCell(6, 2, 'com.qa.OpenCart.Tests.RegistrationPageTest')
data.setCell(6, 3, 598);
data.setCell(7, 0, 7)
data.setCell(7, 1, 'verifyMyAccountSectionsistTest')
data.setCell(7, 2, 'com.qa.OpenCart.Tests.HomePageTest')
data.setCell(7, 3, 94);
data.setCell(8, 0, 8)
data.setCell(8, 1, 'verifyLoginPageTitleTest')
data.setCell(8, 2, 'com.qa.OpenCart.Tests.LoginPageTest')
data.setCell(8, 3, 75);
data.setCell(9, 0, 9)
data.setCell(9, 1, 'verifyShoppingCartTest')
data.setCell(9, 2, 'com.qa.OpenCart.Tests.HomePageTest')
data.setCell(9, 3, 60);
data.setCell(10, 0, 10)
data.setCell(10, 1, 'verifyHomePageHeaderTest')
data.setCell(10, 2, 'com.qa.OpenCart.Tests.HomePageTest')
data.setCell(10, 3, 44);
data.setCell(11, 0, 11)
data.setCell(11, 1, 'verifyMyAccountIconTest')
data.setCell(11, 2, 'com.qa.OpenCart.Tests.HomePageTest')
data.setCell(11, 3, 38);
data.setCell(12, 0, 12)
data.setCell(12, 1, 'homePageTitleTest')
data.setCell(12, 2, 'com.qa.OpenCart.Tests.HomePageTest')
data.setCell(12, 3, 31);
data.setCell(13, 0, 13)
data.setCell(13, 1, 'verifyMyAccountSectionsCountTest')
data.setCell(13, 2, 'com.qa.OpenCart.Tests.HomePageTest')
data.setCell(13, 3, 13);
window.suiteTableData['OpenCart_Automation_Test_Suite']= { tableData: data, tableDiv: 'times-div-OpenCart_Automation_Test_Suite'}
return data;
}
              </script>
              <span class="suite-total-time">Total running time: 13 seconds</span>
              <div id="times-div-OpenCart_Automation_Test_Suite">
              </div> <!-- times-div-OpenCart_Automation_Test_Suite -->
            </div> <!-- times-div -->
          </div> <!-- main-panel-content rounded-window-bottom -->
        </div> <!-- panel -->
        <div panel-name="reporter-OpenCart_Automation_Test_Suite" class="panel">
          <div class="main-panel-header rounded-window-top">
            <span class="header-content">Reporter output for OpenCart Automation Test Suite</span>
          </div> <!-- main-panel-header rounded-window-top -->
          <div class="main-panel-content rounded-window-bottom">
          </div> <!-- main-panel-content rounded-window-bottom -->
        </div> <!-- panel -->
        <div panel-name="ignored-methods-OpenCart_Automation_Test_Suite" class="panel">
          <div class="main-panel-header rounded-window-top">
            <span class="header-content">0 ignored methods</span>
          </div> <!-- main-panel-header rounded-window-top -->
          <div class="main-panel-content rounded-window-bottom">
          </div> <!-- main-panel-content rounded-window-bottom -->
        </div> <!-- panel -->
        <div panel-name="chronological-OpenCart_Automation_Test_Suite" class="panel">
          <div class="main-panel-header rounded-window-top">
            <span class="header-content">Methods in chronological order</span>
          </div> <!-- main-panel-header rounded-window-top -->
          <div class="main-panel-content rounded-window-bottom">
            <div class="chronological-class">
              <div class="chronological-class-name">com.qa.OpenCart.Tests.HomePageTest</div> <!-- chronological-class-name -->
              <div class="configuration-test before">
                <span class="method-name">setUp</span>
                <span class="method-start">0 ms</span>
              </div> <!-- configuration-test before -->
            </div> <!-- chronological-class -->
            <div class="chronological-class">
              <div class="chronological-class-name">com.qa.OpenCart.Tests.LoginPageTest</div> <!-- chronological-class-name -->
              <div class="configuration-test before">
                <span class="method-name">setUp</span>
                <span class="method-start">0 ms</span>
              </div> <!-- configuration-test before -->
              <div class="test-method">
                <span class="method-name">verifyLoginPageTitleTest</span>
                <span class="method-start">5484 ms</span>
              </div> <!-- test-method -->
            </div> <!-- chronological-class -->
            <div class="chronological-class">
              <div class="chronological-class-name">com.qa.OpenCart.Tests.HomePageTest</div> <!-- chronological-class-name -->
              <div class="configuration-class before">
                <span class="method-name">homePageSetUp</span>
                <span class="method-start">5493 ms</span>
              </div> <!-- configuration-class before -->
            </div> <!-- chronological-class -->
            <div class="chronological-class">
              <div class="chronological-class-name">com.qa.OpenCart.Tests.LoginPageTest</div> <!-- chronological-class-name -->
              <div class="test-method">
                <span class="method-name">loginTest</span>
                <span class="method-start">6378 ms</span>
              </div> <!-- test-method -->
            </div> <!-- chronological-class -->
            <div class="chronological-class">
              <div class="chronological-class-name">com.qa.OpenCart.Tests.HomePageTest</div> <!-- chronological-class-name -->
              <div class="test-method">
                <span class="method-name">homePageTitleTest</span>
                <span class="method-start">9303 ms</span>
              </div> <!-- test-method -->
              <div class="test-method">
                <span class="method-name">verifyHomePageHeaderTest</span>
                <span class="method-start">9658 ms</span>
              </div> <!-- test-method -->
              <div class="test-method">
                <span class="method-name">verifyShoppingCartTest</span>
                <span class="method-start">10043 ms</span>
              </div> <!-- test-method -->
            </div> <!-- chronological-class -->
            <div class="chronological-class">
              <div class="chronological-class-name">com.qa.OpenCart.Tests.LoginPageTest</div> <!-- chronological-class-name -->
              <div class="configuration-test after">
                <span class="method-name">tearDown</span>
                <span class="method-start">10476 ms</span>
              </div> <!-- configuration-test after -->
            </div> <!-- chronological-class -->
            <div class="chronological-class">
              <div class="chronological-class-name">com.qa.OpenCart.Tests.HomePageTest</div> <!-- chronological-class-name -->
              <div class="test-method">
                <span class="method-name">verifyMyAccountIconTest</span>
                <span class="method-start">10737 ms</span>
              </div> <!-- test-method -->
              <div class="test-method">
                <span class="method-name">verifyMyAccountSectionsCountTest</span>
                <span class="method-start">11121 ms</span>
              </div> <!-- test-method -->
              <div class="test-method">
                <span class="method-name">verifyMyAccountSectionsistTest</span>
                <span class="method-start">11518 ms</span>
              </div> <!-- test-method -->
              <div class="configuration-test after">
                <span class="method-name">tearDown</span>
                <span class="method-start">11972 ms</span>
              </div> <!-- configuration-test after -->
            </div> <!-- chronological-class -->
            <div class="chronological-class">
              <div class="chronological-class-name">com.qa.OpenCart.Tests.ProductInfoTest</div> <!-- chronological-class-name -->
              <div class="configuration-test before">
                <span class="method-name">setUp</span>
                <span class="method-start">16999 ms</span>
              </div> <!-- configuration-test before -->
            </div> <!-- chronological-class -->
            <div class="chronological-class">
              <div class="chronological-class-name">com.qa.OpenCart.Tests.RegistrationPageTest</div> <!-- chronological-class-name -->
              <div class="configuration-test before">
                <span class="method-name">setUp</span>
                <span class="method-start">17000 ms</span>
              </div> <!-- configuration-test before -->
              <div class="configuration-class before">
                <span class="method-name">registerPageSetUp</span>
                <span class="method-start">21235 ms</span>
              </div> <!-- configuration-class before -->
            </div> <!-- chronological-class -->
            <div class="chronological-class">
              <div class="chronological-class-name">com.qa.OpenCart.Tests.ProductInfoTest</div> <!-- chronological-class-name -->
              <div class="configuration-class before">
                <span class="method-name">productInfoPageSetup</span>
                <span class="method-start">21502 ms</span>
              </div> <!-- configuration-class before -->
            </div> <!-- chronological-class -->
            <div class="chronological-class">
              <div class="chronological-class-name">com.qa.OpenCart.Tests.RegistrationPageTest</div> <!-- chronological-class-name -->
              <div class="test-method">
                <span class="method-name">userRegistrationTest(dev, d, devd@gmail.com, 9.807654321E9, sel@234567, yes)</span>
                <span class="method-start">23269 ms</span>
              </div> <!-- test-method -->
            </div> <!-- chronological-class -->
            <div class="chronological-class">
              <div class="chronological-class-name">com.qa.OpenCart.Tests.ProductInfoTest</div> <!-- chronological-class-name -->
              <div class="test-method">
                <img src="failed.png">
                </img>
                <span class="method-name">productImagesTest</span>
                <span class="method-start">24551 ms</span>
              </div> <!-- test-method -->
            </div> <!-- chronological-class -->
            <div class="chronological-class">
              <div class="chronological-class-name">com.qa.OpenCart.Tests.RegistrationPageTest</div> <!-- chronological-class-name -->
              <div class="test-method">
                <span class="method-name">userRegistrationTest(navi, sh, navi@gmail.com, 9.807654322E9, auto@12345, no)</span>
                <span class="method-start">25811 ms</span>
              </div> <!-- test-method -->
              <div class="test-method">
                <span class="method-name">userRegistrationTest(ak, jp, galindo@gmail.com, 8.790654323E9, test@12345, yes)</span>
                <span class="method-start">26993 ms</span>
              </div> <!-- test-method -->
            </div> <!-- chronological-class -->
            <div class="chronological-class">
              <div class="chronological-class-name">com.qa.OpenCart.Tests.ProductInfoTest</div> <!-- chronological-class-name -->
              <div class="test-method">
                <img src="failed.png">
                </img>
                <span class="method-name">verifyproductInfoTest_MacBook</span>
                <span class="method-start">27868 ms</span>
              </div> <!-- test-method -->
            </div> <!-- chronological-class -->
            <div class="chronological-class">
              <div class="chronological-class-name">com.qa.OpenCart.Tests.RegistrationPageTest</div> <!-- chronological-class-name -->
              <div class="test-method">
                <span class="method-name">userRegistrationTest(aj, jk, gala@gmail.com, 8.790654326E9, test@12345, yes)</span>
                <span class="method-start">28274 ms</span>
              </div> <!-- test-method -->
              <div class="configuration-test after">
                <span class="method-name">tearDown</span>
                <span class="method-start">29253 ms</span>
              </div> <!-- configuration-test after -->
            </div> <!-- chronological-class -->
            <div class="chronological-class">
              <div class="chronological-class-name">com.qa.OpenCart.Tests.ProductInfoTest</div> <!-- chronological-class-name -->
              <div class="configuration-test after">
                <span class="method-name">tearDown</span>
                <span class="method-start">29920 ms</span>
              </div> <!-- configuration-test after -->
          </div> <!-- main-panel-content rounded-window-bottom -->
        </div> <!-- panel -->
      </div> <!-- main-panel-root -->
    </div> <!-- wrapper -->
  </body>
<script type="text/javascript" src="testng-reports2.js"></script>
</html>
