<?xml version="1.0" encoding="UTF-8"?>
<testng-results skipped="0" failed="2" ignored="0" total="14" passed="12">
  <reporter-output>
  </reporter-output>
  <suite name="OpenCart Automation Test Suite" duration-ms="30628" started-at="2022-02-03T01:45:08 IST" finished-at="2022-02-03T01:45:39 IST">
    <groups>
    </groups>
    <test name="LoginPage Test" duration-ms="11178" started-at="2022-02-03T01:45:08 IST" finished-at="2022-02-03T01:45:19 IST">
      <class name="com.qa.OpenCart.Tests.LoginPageTest">
        <test-method status="PASS" signature="setUp()[pri:0, instance:com.qa.OpenCart.Tests.LoginPageTest@619713e5]" name="setUp" is-config="true" duration-ms="5454" started-at="2022-02-03T01:45:08 IST" finished-at="2022-02-03T01:45:13 IST">
          <reporter-output>
          </reporter-output>
        </test-method> <!-- setUp -->
        <test-method status="PASS" signature="verifyLoginPageTitleTest()[pri:1, instance:com.qa.OpenCart.Tests.LoginPageTest@619713e5]" name="verifyLoginPageTitleTest" duration-ms="75" started-at="2022-02-03T01:45:13 IST" finished-at="2022-02-03T01:45:14 IST">
          <reporter-output>
          </reporter-output>
        </test-method> <!-- verifyLoginPageTitleTest -->
        <test-method status="PASS" signature="loginTest()[pri:2, instance:com.qa.OpenCart.Tests.LoginPageTest@619713e5]" name="loginTest" duration-ms="3689" started-at="2022-02-03T01:45:14 IST" finished-at="2022-02-03T01:45:18 IST">
          <reporter-output>
          </reporter-output>
        </test-method> <!-- loginTest -->
        <test-method status="PASS" signature="tearDown()[pri:0, instance:com.qa.OpenCart.Tests.LoginPageTest@619713e5]" name="tearDown" is-config="true" duration-ms="697" started-at="2022-02-03T01:45:18 IST" finished-at="2022-02-03T01:45:19 IST">
          <reporter-output>
          </reporter-output>
        </test-method> <!-- tearDown -->
      </class> <!-- com.qa.OpenCart.Tests.LoginPageTest -->
    </test> <!-- LoginPage Test -->
    <test name="HomePage Test" duration-ms="12664" started-at="2022-02-03T01:45:08 IST" finished-at="2022-02-03T01:45:21 IST">
      <class name="com.qa.OpenCart.Tests.HomePageTest">
        <test-method status="PASS" signature="setUp()[pri:0, instance:com.qa.OpenCart.Tests.HomePageTest@52e6fdee]" name="setUp" is-config="true" duration-ms="5493" started-at="2022-02-03T01:45:08 IST" finished-at="2022-02-03T01:45:13 IST">
          <reporter-output>
          </reporter-output>
        </test-method> <!-- setUp -->
        <test-method status="PASS" signature="homePageSetUp()[pri:0, instance:com.qa.OpenCart.Tests.HomePageTest@52e6fdee]" name="homePageSetUp" is-config="true" duration-ms="3810" started-at="2022-02-03T01:45:13 IST" finished-at="2022-02-03T01:45:17 IST">
          <reporter-output>
          </reporter-output>
        </test-method> <!-- homePageSetUp -->
        <test-method status="PASS" signature="homePageTitleTest()[pri:1, instance:com.qa.OpenCart.Tests.HomePageTest@52e6fdee]" name="homePageTitleTest" duration-ms="31" started-at="2022-02-03T01:45:17 IST" finished-at="2022-02-03T01:45:17 IST">
          <reporter-output>
          </reporter-output>
        </test-method> <!-- homePageTitleTest -->
        <test-method status="PASS" signature="verifyHomePageHeaderTest()[pri:2, instance:com.qa.OpenCart.Tests.HomePageTest@52e6fdee]" name="verifyHomePageHeaderTest" duration-ms="44" started-at="2022-02-03T01:45:18 IST" finished-at="2022-02-03T01:45:18 IST">
          <reporter-output>
          </reporter-output>
        </test-method> <!-- verifyHomePageHeaderTest -->
        <test-method status="PASS" signature="verifyShoppingCartTest()[pri:3, instance:com.qa.OpenCart.Tests.HomePageTest@52e6fdee]" name="verifyShoppingCartTest" duration-ms="60" started-at="2022-02-03T01:45:18 IST" finished-at="2022-02-03T01:45:18 IST">
          <reporter-output>
          </reporter-output>
        </test-method> <!-- verifyShoppingCartTest -->
        <test-method status="PASS" signature="verifyMyAccountIconTest()[pri:4, instance:com.qa.OpenCart.Tests.HomePageTest@52e6fdee]" name="verifyMyAccountIconTest" duration-ms="38" started-at="2022-02-03T01:45:19 IST" finished-at="2022-02-03T01:45:19 IST">
          <reporter-output>
          </reporter-output>
        </test-method> <!-- verifyMyAccountIconTest -->
        <test-method status="PASS" signature="verifyMyAccountSectionsCountTest()[pri:5, instance:com.qa.OpenCart.Tests.HomePageTest@52e6fdee]" name="verifyMyAccountSectionsCountTest" duration-ms="13" started-at="2022-02-03T01:45:19 IST" finished-at="2022-02-03T01:45:19 IST">
          <reporter-output>
          </reporter-output>
        </test-method> <!-- verifyMyAccountSectionsCountTest -->
        <test-method status="PASS" signature="verifyMyAccountSectionsistTest()[pri:5, instance:com.qa.OpenCart.Tests.HomePageTest@52e6fdee]" name="verifyMyAccountSectionsistTest" duration-ms="94" started-at="2022-02-03T01:45:19 IST" finished-at="2022-02-03T01:45:20 IST">
          <reporter-output>
          </reporter-output>
        </test-method> <!-- verifyMyAccountSectionsistTest -->
        <test-method status="PASS" signature="tearDown()[pri:0, instance:com.qa.OpenCart.Tests.HomePageTest@52e6fdee]" name="tearDown" is-config="true" duration-ms="687" started-at="2022-02-03T01:45:20 IST" finished-at="2022-02-03T01:45:21 IST">
          <reporter-output>
          </reporter-output>
        </test-method> <!-- tearDown -->
      </class> <!-- com.qa.OpenCart.Tests.HomePageTest -->
    </test> <!-- HomePage Test -->
    <test name="RegistrationPage Test" duration-ms="12939" started-at="2022-02-03T01:45:25 IST" finished-at="2022-02-03T01:45:38 IST">
      <class name="com.qa.OpenCart.Tests.RegistrationPageTest">
        <test-method status="PASS" signature="setUp()[pri:0, instance:com.qa.OpenCart.Tests.RegistrationPageTest@694abbdc]" name="setUp" is-config="true" duration-ms="4235" started-at="2022-02-03T01:45:25 IST" finished-at="2022-02-03T01:45:29 IST">
          <reporter-output>
          </reporter-output>
        </test-method> <!-- setUp -->
        <test-method status="PASS" signature="registerPageSetUp()[pri:0, instance:com.qa.OpenCart.Tests.RegistrationPageTest@694abbdc]" name="registerPageSetUp" is-config="true" duration-ms="1516" started-at="2022-02-03T01:45:29 IST" finished-at="2022-02-03T01:45:31 IST">
          <reporter-output>
          </reporter-output>
        </test-method> <!-- registerPageSetUp -->
        <test-method status="PASS" signature="userRegistrationTest(java.lang.String, java.lang.String, java.lang.String, java.lang.String, java.lang.String, java.lang.String)[pri:0, instance:com.qa.OpenCart.Tests.RegistrationPageTest@694abbdc]" name="userRegistrationTest" duration-ms="2195" started-at="2022-02-03T01:45:31 IST" data-provider="getRegisterationData" finished-at="2022-02-03T01:45:33 IST">
          <params>
            <param index="0">
              <value>
                <![CDATA[dev]]>
              </value>
            </param>
            <param index="1">
              <value>
                <![CDATA[d]]>
              </value>
            </param>
            <param index="2">
              <value>
                <![CDATA[devd@gmail.com]]>
              </value>
            </param>
            <param index="3">
              <value>
                <![CDATA[9.807654321E9]]>
              </value>
            </param>
            <param index="4">
              <value>
                <![CDATA[sel@234567]]>
              </value>
            </param>
            <param index="5">
              <value>
                <![CDATA[yes]]>
              </value>
            </param>
          </params>
          <reporter-output>
          </reporter-output>
        </test-method> <!-- userRegistrationTest -->
        <test-method status="PASS" signature="userRegistrationTest(java.lang.String, java.lang.String, java.lang.String, java.lang.String, java.lang.String, java.lang.String)[pri:0, instance:com.qa.OpenCart.Tests.RegistrationPageTest@694abbdc]" name="userRegistrationTest" duration-ms="723" started-at="2022-02-03T01:45:34 IST" data-provider="getRegisterationData" finished-at="2022-02-03T01:45:35 IST">
          <params>
            <param index="0">
              <value>
                <![CDATA[navi]]>
              </value>
            </param>
            <param index="1">
              <value>
                <![CDATA[sh]]>
              </value>
            </param>
            <param index="2">
              <value>
                <![CDATA[navi@gmail.com]]>
              </value>
            </param>
            <param index="3">
              <value>
                <![CDATA[9.807654322E9]]>
              </value>
            </param>
            <param index="4">
              <value>
                <![CDATA[auto@12345]]>
              </value>
            </param>
            <param index="5">
              <value>
                <![CDATA[no]]>
              </value>
            </param>
          </params>
          <reporter-output>
          </reporter-output>
        </test-method> <!-- userRegistrationTest -->
        <test-method status="PASS" signature="userRegistrationTest(java.lang.String, java.lang.String, java.lang.String, java.lang.String, java.lang.String, java.lang.String)[pri:0, instance:com.qa.OpenCart.Tests.RegistrationPageTest@694abbdc]" name="userRegistrationTest" duration-ms="752" started-at="2022-02-03T01:45:35 IST" data-provider="getRegisterationData" finished-at="2022-02-03T01:45:36 IST">
          <params>
            <param index="0">
              <value>
                <![CDATA[ak]]>
              </value>
            </param>
            <param index="1">
              <value>
                <![CDATA[jp]]>
              </value>
            </param>
            <param index="2">
              <value>
                <![CDATA[galindo@gmail.com]]>
              </value>
            </param>
            <param index="3">
              <value>
                <![CDATA[8.790654323E9]]>
              </value>
            </param>
            <param index="4">
              <value>
                <![CDATA[test@12345]]>
              </value>
            </param>
            <param index="5">
              <value>
                <![CDATA[yes]]>
              </value>
            </param>
          </params>
          <reporter-output>
          </reporter-output>
        </test-method> <!-- userRegistrationTest -->
        <test-method status="PASS" signature="userRegistrationTest(java.lang.String, java.lang.String, java.lang.String, java.lang.String, java.lang.String, java.lang.String)[pri:0, instance:com.qa.OpenCart.Tests.RegistrationPageTest@694abbdc]" name="userRegistrationTest" duration-ms="598" started-at="2022-02-03T01:45:36 IST" data-provider="getRegisterationData" finished-at="2022-02-03T01:45:37 IST">
          <params>
            <param index="0">
              <value>
                <![CDATA[aj]]>
              </value>
            </param>
            <param index="1">
              <value>
                <![CDATA[jk]]>
              </value>
            </param>
            <param index="2">
              <value>
                <![CDATA[gala@gmail.com]]>
              </value>
            </param>
            <param index="3">
              <value>
                <![CDATA[8.790654326E9]]>
              </value>
            </param>
            <param index="4">
              <value>
                <![CDATA[test@12345]]>
              </value>
            </param>
            <param index="5">
              <value>
                <![CDATA[yes]]>
              </value>
            </param>
          </params>
          <reporter-output>
          </reporter-output>
        </test-method> <!-- userRegistrationTest -->
        <test-method status="PASS" signature="tearDown()[pri:0, instance:com.qa.OpenCart.Tests.RegistrationPageTest@694abbdc]" name="tearDown" is-config="true" duration-ms="685" started-at="2022-02-03T01:45:37 IST" finished-at="2022-02-03T01:45:38 IST">
          <reporter-output>
          </reporter-output>
        </test-method> <!-- tearDown -->
      </class> <!-- com.qa.OpenCart.Tests.RegistrationPageTest -->
    </test> <!-- RegistrationPage Test -->
    <test name="ProductInfo Test" duration-ms="13650" started-at="2022-02-03T01:45:25 IST" finished-at="2022-02-03T01:45:39 IST">
      <class name="com.qa.OpenCart.Tests.ProductInfoTest">
        <test-method status="PASS" signature="setUp()[pri:0, instance:com.qa.OpenCart.Tests.ProductInfoTest@5e0826e7]" name="setUp" is-config="true" duration-ms="4501" started-at="2022-02-03T01:45:25 IST" finished-at="2022-02-03T01:45:29 IST">
          <reporter-output>
          </reporter-output>
        </test-method> <!-- setUp -->
        <test-method status="PASS" signature="productInfoPageSetup()[pri:0, instance:com.qa.OpenCart.Tests.ProductInfoTest@5e0826e7]" name="productInfoPageSetup" is-config="true" duration-ms="3048" started-at="2022-02-03T01:45:29 IST" finished-at="2022-02-03T01:45:33 IST">
          <reporter-output>
          </reporter-output>
        </test-method> <!-- productInfoPageSetup -->
        <test-method status="FAIL" signature="productImagesTest()[pri:0, instance:com.qa.OpenCart.Tests.ProductInfoTest@5e0826e7]" name="productImagesTest" duration-ms="2839" started-at="2022-02-03T01:45:33 IST" finished-at="2022-02-03T01:45:35 IST">
          <exception class="java.lang.AssertionError">
            <message>
              <![CDATA[expected [3] but found [0]]]>
            </message>
            <full-stacktrace>
              <![CDATA[java.lang.AssertionError: expected [3] but found [0]
at org.testng.Assert.fail(Assert.java:99)
at org.testng.Assert.failNotEquals(Assert.java:1037)
at org.testng.Assert.assertEqualsImpl(Assert.java:140)
at org.testng.Assert.assertEquals(Assert.java:122)
at org.testng.Assert.assertEquals(Assert.java:907)
at org.testng.Assert.assertEquals(Assert.java:917)
at com.qa.OpenCart.Tests.ProductInfoTest.productImagesTest(ProductInfoTest.java:23)
at sun.reflect.NativeMethodAccessorImpl.invoke0(Native Method)
at sun.reflect.NativeMethodAccessorImpl.invoke(Unknown Source)
at sun.reflect.DelegatingMethodAccessorImpl.invoke(Unknown Source)
at java.lang.reflect.Method.invoke(Unknown Source)
at org.testng.internal.MethodInvocationHelper.invokeMethod(MethodInvocationHelper.java:132)
at org.testng.internal.TestInvoker.invokeMethod(TestInvoker.java:599)
at org.testng.internal.TestInvoker.invokeTestMethod(TestInvoker.java:174)
at org.testng.internal.MethodRunner.runInSequence(MethodRunner.java:46)
at org.testng.internal.TestInvoker$MethodInvocationAgent.invoke(TestInvoker.java:822)
at org.testng.internal.TestInvoker.invokeTestMethods(TestInvoker.java:147)
at org.testng.internal.TestMethodWorker.invokeTestMethods(TestMethodWorker.java:146)
at org.testng.internal.TestMethodWorker.run(TestMethodWorker.java:128)
at java.util.ArrayList.forEach(Unknown Source)
at org.testng.TestRunner.privateRun(TestRunner.java:764)
at org.testng.TestRunner.run(TestRunner.java:585)
at org.testng.SuiteRunner.runTest(SuiteRunner.java:384)
at org.testng.SuiteRunner.access$000(SuiteRunner.java:28)
at org.testng.SuiteRunner$SuiteWorker.run(SuiteRunner.java:425)
at org.testng.internal.thread.ThreadUtil.lambda$execute$0(ThreadUtil.java:66)
at java.util.concurrent.FutureTask.run(Unknown Source)
at java.util.concurrent.ThreadPoolExecutor.runWorker(Unknown Source)
at java.util.concurrent.ThreadPoolExecutor$Worker.run(Unknown Source)
at java.lang.Thread.run(Unknown Source)
]]>
            </full-stacktrace>
          </exception> <!-- java.lang.AssertionError -->
          <reporter-output>
          </reporter-output>
        </test-method> <!-- productImagesTest -->
        <test-method status="FAIL" signature="verifyproductInfoTest_MacBook()[pri:0, instance:com.qa.OpenCart.Tests.ProductInfoTest@5e0826e7]" name="verifyproductInfoTest_MacBook" duration-ms="1717" started-at="2022-02-03T01:45:36 IST" finished-at="2022-02-03T01:45:38 IST">
          <exception class="java.lang.IndexOutOfBoundsException">
            <message>
              <![CDATA[Index: 0, Size: 0]]>
            </message>
            <full-stacktrace>
              <![CDATA[java.lang.IndexOutOfBoundsException: Index: 0, Size: 0
at java.util.ArrayList.rangeCheck(Unknown Source)
at java.util.ArrayList.get(Unknown Source)
at com.qa.OpenCart.Pages.ProductInfoPage.getProductInfo(ProductInfoPage.java:63)
at com.qa.OpenCart.Tests.ProductInfoTest.verifyproductInfoTest_MacBook(ProductInfoTest.java:31)
at sun.reflect.NativeMethodAccessorImpl.invoke0(Native Method)
at sun.reflect.NativeMethodAccessorImpl.invoke(Unknown Source)
at sun.reflect.DelegatingMethodAccessorImpl.invoke(Unknown Source)
at java.lang.reflect.Method.invoke(Unknown Source)
at org.testng.internal.MethodInvocationHelper.invokeMethod(MethodInvocationHelper.java:132)
at org.testng.internal.TestInvoker.invokeMethod(TestInvoker.java:599)
at org.testng.internal.TestInvoker.invokeTestMethod(TestInvoker.java:174)
at org.testng.internal.MethodRunner.runInSequence(MethodRunner.java:46)
at org.testng.internal.TestInvoker$MethodInvocationAgent.invoke(TestInvoker.java:822)
at org.testng.internal.TestInvoker.invokeTestMethods(TestInvoker.java:147)
at org.testng.internal.TestMethodWorker.invokeTestMethods(TestMethodWorker.java:146)
at org.testng.internal.TestMethodWorker.run(TestMethodWorker.java:128)
at java.util.ArrayList.forEach(Unknown Source)
at org.testng.TestRunner.privateRun(TestRunner.java:764)
at org.testng.TestRunner.run(TestRunner.java:585)
at org.testng.SuiteRunner.runTest(SuiteRunner.java:384)
at org.testng.SuiteRunner.access$000(SuiteRunner.java:28)
at org.testng.SuiteRunner$SuiteWorker.run(SuiteRunner.java:425)
at org.testng.internal.thread.ThreadUtil.lambda$execute$0(ThreadUtil.java:66)
at java.util.concurrent.FutureTask.run(Unknown Source)
at java.util.concurrent.ThreadPoolExecutor.runWorker(Unknown Source)
at java.util.concurrent.ThreadPoolExecutor$Worker.run(Unknown Source)
at java.lang.Thread.run(Unknown Source)
]]>
            </full-stacktrace>
          </exception> <!-- java.lang.IndexOutOfBoundsException -->
          <reporter-output>
          </reporter-output>
        </test-method> <!-- verifyproductInfoTest_MacBook -->
        <test-method status="PASS" signature="tearDown()[pri:0, instance:com.qa.OpenCart.Tests.ProductInfoTest@5e0826e7]" name="tearDown" is-config="true" duration-ms="703" started-at="2022-02-03T01:45:38 IST" finished-at="2022-02-03T01:45:39 IST">
          <reporter-output>
          </reporter-output>
        </test-method> <!-- tearDown -->
      </class> <!-- com.qa.OpenCart.Tests.ProductInfoTest -->
    </test> <!-- ProductInfo Test -->
  </suite> <!-- OpenCart Automation Test Suite -->
</testng-results>
